<?xml version="1.0" encoding="UTF-8"?>
<!-- Generated by org.testng.reporters.JUnitXMLReporter -->
<testsuite ignored="0" hostname="Sakkaram" failures="0" tests="3" name="BankManagerLoginTest" time="56.4" errors="0" timestamp="2026-03-12T13:30:16 IST">
  <testcase classname="testcases.AddCutomerTest" name="addCust" time="27.753"/>
  <testcase classname="testcases.AddCutomerTest" name="addCust" time="14.378"/>
  <testcase classname="testcases.AddCutomerTest" name="addCust" time="12.829"/>
</testsuite> <!-- BankManagerLoginTest -->
