<?xml version="1.0" encoding="UTF-8"?>
<!-- Generated by org.testng.reporters.JUnitXMLReporter -->
<testsuite ignored="0" hostname="Sakkaram" failures="0" tests="3" name="BankManagerLoginTest" time="42.845" errors="0" timestamp="2026-03-07T14:53:57 IST">
  <testcase classname="testcases.AddCutomerTest" name="addCust" time="18.619"/>
  <testcase classname="testcases.AddCutomerTest" name="addCust" time="12.163"/>
  <testcase classname="testcases.AddCutomerTest" name="addCust" time="9.735"/>
</testsuite> <!-- BankManagerLoginTest -->
