<?xml version="1.0" encoding="UTF-8"?>
<!-- Generated by org.testng.reporters.JUnitXMLReporter -->
<testsuite ignored="0" hostname="Sakkaram" failures="1" tests="3" name="BankManagerLoginTest" time="393.707" errors="0" timestamp="2026-03-07T15:07:44 IST">
  <testcase classname="testcases.AddCutomerTest" name="addCust" time="19.052"/>
  <testcase classname="testcases.AddCutomerTest" name="addCust" time="361.214">
    <failure type="java.lang.AssertionError" message="Error {
  message=&amp;apos;Timeout 30000ms exceeded.
  name=&amp;apos;TimeoutError
  stack=&amp;apos;TimeoutError: Timeout 30000ms exceeded.
    at ProgressController.run (C:\Users\sakka\AppData\Local\Temp\playwright-java-15949404720631461483\package\lib\server\progress.js:78:26)
    at Frame.click (C:\Users\sakka\AppData\Local\Temp\playwright-java-15949404720631461483\package\lib\server\frames.js:1007:23)
    at FrameDispatcher.click (C:\Users\sakka\AppData\Local\Temp\playwright-java-15949404720631461483\package\lib\server\dispatchers\frameDispatcher.js:158:30)
    at FrameDispatcher._handleCommand (C:\Users\sakka\AppData\Local\Temp\playwright-java-15949404720631461483\package\lib\server\dispatchers\dispatcher.js:94:40)
    at DispatcherConnection.dispatch (C:\Users\sakka\AppData\Local\Temp\playwright-java-15949404720631461483\package\lib\server\dispatchers\dispatcher.js:361:39)
}
Call log:
- waiting for locator(&amp;quot;button[type=&amp;apos;submit&amp;apos;]&amp;quot;)
-   locator resolved to &amp;lt;button value=&amp;quot;&amp;quot; type=&amp;quot;submit&amp;quot; class=&amp;quot;btn btn-default&amp;quot;&amp;gt;Add Customer&amp;lt;/button&amp;gt;
- attempting click action
-   waiting for element to be visible, enabled and stable
-   element is visible, enabled and stable
-   scrolling into view if needed
-   done scrolling
-   performing click action
">
      <![CDATA[java.lang.AssertionError: Error {
  message='Timeout 30000ms exceeded.
  name='TimeoutError
  stack='TimeoutError: Timeout 30000ms exceeded.
    at ProgressController.run (C:\Users\sakka\AppData\Local\Temp\playwright-java-15949404720631461483\package\lib\server\progress.js:78:26)
    at Frame.click (C:\Users\sakka\AppData\Local\Temp\playwright-java-15949404720631461483\package\lib\server\frames.js:1007:23)
    at FrameDispatcher.click (C:\Users\sakka\AppData\Local\Temp\playwright-java-15949404720631461483\package\lib\server\dispatchers\frameDispatcher.js:158:30)
    at FrameDispatcher._handleCommand (C:\Users\sakka\AppData\Local\Temp\playwright-java-15949404720631461483\package\lib\server\dispatchers\dispatcher.js:94:40)
    at DispatcherConnection.dispatch (C:\Users\sakka\AppData\Local\Temp\playwright-java-15949404720631461483\package\lib\server\dispatchers\dispatcher.js:361:39)
}
Call log:
- waiting for locator("button[type='submit']")
-   locator resolved to <button value="" type="submit" class="btn btn-default">Add Customer</button>
- attempting click action
-   waiting for element to be visible, enabled and stable
-   element is visible, enabled and stable
-   scrolling into view if needed
-   done scrolling
-   performing click action

at base.BaseTest.click(BaseTest.java:128)
at testcases.AddCutomerTest.addCust(AddCutomerTest.java:30)
at java.base/java.util.ArrayList.forEach(ArrayList.java:1596)
... Removed 29 stack frames]]>
    </failure>
  </testcase> <!-- addCust -->
  <testcase classname="testcases.AddCutomerTest" name="addCust" time="11.012"/>
</testsuite> <!-- BankManagerLoginTest -->
