<?xml version="1.0" encoding="UTF-8"?>
<testsuite name="TestSuite" time="24.896" tests="3" errors="0" skipped="0" failures="1">
  <properties>
[...]
</properties>
  <testcase name="addCust" classname="testcases.AddCutomerTest" time="24.896"/>
  <testcase name="addCust" classname="testcases.AddCutomerTest" time="35.101">
    <failure message="Error {&#10;  message=&apos;Timeout 30000ms exceeded.&#10;  name=&apos;TimeoutError&#10;  stack=&apos;TimeoutError: Timeout 30000ms exceeded.&#10;    at ProgressController.run (C:\Users\sakka\AppData\Local\Temp\playwright-java-6956210305813016584\package\lib\server\progress.js:78:26)&#10;    at Frame.click (C:\Users\sakka\AppData\Local\Temp\playwright-java-6956210305813016584\package\lib\server\frames.js:1007:23)&#10;    at FrameDispatcher.click (C:\Users\sakka\AppData\Local\Temp\playwright-java-6956210305813016584\package\lib\server\dispatchers\frameDispatcher.js:158:30)&#10;    at FrameDispatcher._handleCommand (C:\Users\sakka\AppData\Local\Temp\playwright-java-6956210305813016584\package\lib\server\dispatchers\dispatcher.js:94:40)&#10;    at DispatcherConnection.dispatch (C:\Users\sakka\AppData\Local\Temp\playwright-java-6956210305813016584\package\lib\server\dispatchers\dispatcher.js:361:39)&#10;}&#10;Call log:&#10;- waiting for locator(&quot;button[ng-click=&apos;manager()&apos;]&quot;)&#10;-   locator resolved to &lt;button ng-click=&quot;manager()&quot; class=&quot;btn btn-primary btn-…&gt;Bank Manager Login&lt;/button&gt;&#10;- attempting click action&#10;-   waiting for element to be visible, enabled and stable&#10;-   element is visible, enabled and stable&#10;-   scrolling into view if needed&#10;-   done scrolling&#10;-   performing click action&#10;" type="java.lang.AssertionError"><![CDATA[java.lang.AssertionError: Error {
  message='Timeout 30000ms exceeded.
  name='TimeoutError
  stack='TimeoutError: Timeout 30000ms exceeded.
    at ProgressController.run (C:\Users\sakka\AppData\Local\Temp\playwright-java-6956210305813016584\package\lib\server\progress.js:78:26)
    at Frame.click (C:\Users\sakka\AppData\Local\Temp\playwright-java-6956210305813016584\package\lib\server\frames.js:1007:23)
    at FrameDispatcher.click (C:\Users\sakka\AppData\Local\Temp\playwright-java-6956210305813016584\package\lib\server\dispatchers\frameDispatcher.js:158:30)
    at FrameDispatcher._handleCommand (C:\Users\sakka\AppData\Local\Temp\playwright-java-6956210305813016584\package\lib\server\dispatchers\dispatcher.js:94:40)
    at DispatcherConnection.dispatch (C:\Users\sakka\AppData\Local\Temp\playwright-java-6956210305813016584\package\lib\server\dispatchers\dispatcher.js:361:39)
}
Call log:
- waiting for locator("button[ng-click='manager()']")
-   locator resolved to <button ng-click="manager()" class="btn btn-primary btn-…>Bank Manager Login</button>
- attempting click action
-   waiting for element to be visible, enabled and stable
-   element is visible, enabled and stable
-   scrolling into view if needed
-   done scrolling
-   performing click action

	at org.testng.Assert.fail(Assert.java:110)
	at base.BaseTest.click(BaseTest.java:128)
	at testcases.AddCutomerTest.addCust(AddCutomerTest.java:22)
]]></failure>
    <system-err><![CDATA[Mar 12, 2026 12:52:35 PM base.BaseTest getBrowser
INFO: Launching Firefox Browser
Mar 12, 2026 12:52:38 PM base.BaseTest navigate
INFO: Navigated to :https://way2automation.com/angularjs-protractor/banking/#/login
Mar 12, 2026 12:53:10 PM base.BaseTest click
SEVERE: Error while clicking on the element :Error {
  message='Timeout 30000ms exceeded.
  name='TimeoutError
  stack='TimeoutError: Timeout 30000ms exceeded.
    at ProgressController.run (C:\Users\sakka\AppData\Local\Temp\playwright-java-6956210305813016584\package\lib\server\progress.js:78:26)
    at Frame.click (C:\Users\sakka\AppData\Local\Temp\playwright-java-6956210305813016584\package\lib\server\frames.js:1007:23)
    at FrameDispatcher.click (C:\Users\sakka\AppData\Local\Temp\playwright-java-6956210305813016584\package\lib\server\dispatchers\frameDispatcher.js:158:30)
    at FrameDispatcher._handleCommand (C:\Users\sakka\AppData\Local\Temp\playwright-java-6956210305813016584\package\lib\server\dispatchers\dispatcher.js:94:40)
    at DispatcherConnection.dispatch (C:\Users\sakka\AppData\Local\Temp\playwright-java-6956210305813016584\package\lib\server\dispatchers\dispatcher.js:361:39)
}
Call log:
- waiting for locator("button[ng-click='manager()']")
-   locator resolved to <button ng-click="manager()" class="btn btn-primary btn-…>Bank Manager Login</button>
- attempting click action
-   waiting for element to be visible, enabled and stable
-   element is visible, enabled and stable
-   scrolling into view if needed
-   done scrolling
-   performing click action

]]></system-err>
  </testcase>
  <testcase name="addCust" classname="testcases.AddCutomerTest" time="15.325"/>
</testsuite>