<?xml version="1.0" encoding="UTF-8"?>
<testng-results ignored="0" total="3" passed="3" failed="0" skipped="0">
  <reporter-output>
  </reporter-output>
  <suite started-at="2026-03-07T14:53:14 IST" name="Suite" finished-at="2026-03-07T14:53:56 IST" duration-ms="42845">
    <groups>
    </groups>
    <test started-at="2026-03-07T14:53:14 IST" name="BankManagerLoginTest" finished-at="2026-03-07T14:53:56 IST" duration-ms="42845">
      <class name="testcases.AddCutomerTest">
        <test-method is-config="true" signature="setUp()[pri:0, instance:testcases.AddCutomerTest@13d9cbf5]" started-at="2026-03-07T14:53:14 IST" name="setUp" finished-at="2026-03-07T14:53:14 IST" duration-ms="30" status="PASS">
          <reporter-output>
          </reporter-output>
        </test-method> <!-- setUp -->
        <test-method signature="addCust(java.lang.String,java.lang.String,java.lang.String,java.lang.String,java.lang.String)[pri:0, instance:testcases.AddCutomerTest@13d9cbf5]" started-at="2026-03-07T14:53:14 IST" name="addCust" data-provider="getData" finished-at="2026-03-07T14:53:33 IST" duration-ms="18619" status="PASS">
          <params>
            <param index="0">
              <value>
                <![CDATA[Y]]>
              </value>
            </param>
            <param index="1">
              <value>
                <![CDATA[Shiva]]>
              </value>
            </param>
            <param index="2">
              <value>
                <![CDATA[sakkaram]]>
              </value>
            </param>
            <param index="3">
              <value>
                <![CDATA[A335354]]>
              </value>
            </param>
            <param index="4">
              <value>
                <![CDATA[chrome]]>
              </value>
            </param>
          </params>
          <reporter-output>
          </reporter-output>
        </test-method> <!-- addCust -->
        <test-method is-config="true" signature="quit()[pri:0, instance:testcases.AddCutomerTest@13d9cbf5]" started-at="2026-03-07T14:53:33 IST" name="quit" finished-at="2026-03-07T14:53:33 IST" duration-ms="702" status="PASS">
          <reporter-output>
          </reporter-output>
        </test-method> <!-- quit -->
        <test-method signature="addCust(java.lang.String,java.lang.String,java.lang.String,java.lang.String,java.lang.String)[pri:0, instance:testcases.AddCutomerTest@13d9cbf5]" started-at="2026-03-07T14:53:33 IST" name="addCust" data-provider="getData" finished-at="2026-03-07T14:53:45 IST" duration-ms="12163" status="PASS">
          <params>
            <param index="0">
              <value>
                <![CDATA[N]]>
              </value>
            </param>
            <param index="1">
              <value>
                <![CDATA[Krishna]]>
              </value>
            </param>
            <param index="2">
              <value>
                <![CDATA[police]]>
              </value>
            </param>
            <param index="3">
              <value>
                <![CDATA[B354546]]>
              </value>
            </param>
            <param index="4">
              <value>
                <![CDATA[firefox]]>
              </value>
            </param>
          </params>
          <reporter-output>
          </reporter-output>
        </test-method> <!-- addCust -->
        <test-method is-config="true" signature="quit()[pri:0, instance:testcases.AddCutomerTest@13d9cbf5]" started-at="2026-03-07T14:53:45 IST" name="quit" finished-at="2026-03-07T14:53:46 IST" duration-ms="635" status="PASS">
          <reporter-output>
          </reporter-output>
        </test-method> <!-- quit -->
        <test-method signature="addCust(java.lang.String,java.lang.String,java.lang.String,java.lang.String,java.lang.String)[pri:0, instance:testcases.AddCutomerTest@13d9cbf5]" started-at="2026-03-07T14:53:46 IST" name="addCust" data-provider="getData" finished-at="2026-03-07T14:53:56 IST" duration-ms="9735" status="PASS">
          <params>
            <param index="0">
              <value>
                <![CDATA[Y]]>
              </value>
            </param>
            <param index="1">
              <value>
                <![CDATA[Rupesh]]>
              </value>
            </param>
            <param index="2">
              <value>
                <![CDATA[Nyavanandi]]>
              </value>
            </param>
            <param index="3">
              <value>
                <![CDATA[C325345]]>
              </value>
            </param>
            <param index="4">
              <value>
                <![CDATA[chrome]]>
              </value>
            </param>
          </params>
          <reporter-output>
          </reporter-output>
        </test-method> <!-- addCust -->
        <test-method is-config="true" signature="quit()[pri:0, instance:testcases.AddCutomerTest@13d9cbf5]" started-at="2026-03-07T14:53:56 IST" name="quit" finished-at="2026-03-07T14:53:56 IST" duration-ms="673" status="PASS">
          <reporter-output>
          </reporter-output>
        </test-method> <!-- quit -->
      </class> <!-- testcases.AddCutomerTest -->
    </test> <!-- BankManagerLoginTest -->
  </suite> <!-- Suite -->
</testng-results>
