<?xml version="1.0" encoding="UTF-8"?>
<!-- Generated by org.testng.reporters.JUnitReportReporter -->
<testsuite hostname="Sakkaram" failures="0" tests="3" name="testcases.AddCutomerTest" time="42.527" errors="0" timestamp="2026-03-07T14:53:57 IST" skipped="0">
  <testcase classname="testcases.AddCutomerTest" name="addCust" time="12.836"/>
  <system-out/>
  <testcase classname="testcases.AddCutomerTest" name="addCust" time="10.437"/>
  <system-out/>
  <testcase classname="testcases.AddCutomerTest" name="addCust" time="19.254"/>
  <system-out/>
</testsuite> <!-- testcases.AddCutomerTest -->
