<?xml version="1.0" encoding="UTF-8"?>
<!-- Generated by org.testng.reporters.JUnitReportReporter -->
<testsuite hostname="Sakkaram" failures="0" tests="3" name="testcases.AddCutomerTest" time="56.081" errors="0" timestamp="2026-03-12T13:30:18 IST" skipped="0">
  <testcase classname="testcases.AddCutomerTest" name="addCust" time="13.103"/>
  <system-out/>
  <testcase classname="testcases.AddCutomerTest" name="addCust" time="27.993"/>
  <system-out/>
  <testcase classname="testcases.AddCutomerTest" name="addCust" time="14.985"/>
  <system-out/>
</testsuite> <!-- testcases.AddCutomerTest -->
