<?xml version="1.0" encoding="UTF-8"?>
<!-- Generated by org.testng.reporters.JUnitReportReporter -->
<testsuite hostname="Sakkaram" failures="1" tests="3" name="testcases.AddCutomerTest" time="392.737" errors="0" timestamp="2026-03-07T15:07:44 IST" skipped="0">
  <testcase classname="testcases.AddCutomerTest" name="addCust" time="361.564">
    <failure message="Error {
  message=&#039;Timeout 30000ms exceeded.
  name=&#039;TimeoutError
  stack=&#039;TimeoutError: Timeout 30000ms exceeded.
    at ProgressController.run (C:\Users\sakka\AppData\Local\Temp\playwright-java-15949404720631461483\package\lib\server\progress.js:78:26)
    at Frame.click (C:\Users\sakka\AppData\Local\Temp\playwright-java-15949404720631461483\package\lib\server\frames.js:1007:23)
    at FrameDispatcher.click (C:\Users\sakka\AppData\Local\Temp\playwright-java-15949404720631461483\package\lib\server\dispatchers\frameDispatcher.js:158:30)
    at FrameDispatcher._handleCommand (C:\Users\sakka\AppData\Local\Temp\playwright-java-15949404720631461483\package\lib\server\dispatchers\dispatcher.js:94:40)
    at DispatcherConnection.dispatch (C:\Users\sakka\AppData\Local\Temp\playwright-java-15949404720631461483\package\lib\server\dispatchers\dispatcher.js:361:39)
}
Call log:
- waiting for locator(&quot;button[type=&#039;submit&#039;]&quot;)
-   locator resolved to &lt;button value=&quot;&quot; type=&quot;submit&quot; class=&quot;btn btn-default&quot;&gt;Add Customer&lt;/button&gt;
- attempting click action
-   waiting for element to be visible, enabled and stable
-   element is visible, enabled and stable
-   scrolling into view if needed
-   done scrolling
-   performing click action
" type="java.lang.AssertionError">
      <![CDATA[java.lang.AssertionError: Error {
  message='Timeout 30000ms exceeded.
  name='TimeoutError
  stack='TimeoutError: Timeout 30000ms exceeded.
    at ProgressController.run (C:\Users\sakka\AppData\Local\Temp\playwright-java-15949404720631461483\package\lib\server\progress.js:78:26)
    at Frame.click (C:\Users\sakka\AppData\Local\Temp\playwright-java-15949404720631461483\package\lib\server\frames.js:1007:23)
    at FrameDispatcher.click (C:\Users\sakka\AppData\Local\Temp\playwright-java-15949404720631461483\package\lib\server\dispatchers\frameDispatcher.js:158:30)
    at FrameDispatcher._handleCommand (C:\Users\sakka\AppData\Local\Temp\playwright-java-15949404720631461483\package\lib\server\dispatchers\dispatcher.js:94:40)
    at DispatcherConnection.dispatch (C:\Users\sakka\AppData\Local\Temp\playwright-java-15949404720631461483\package\lib\server\dispatchers\dispatcher.js:361:39)
}
Call log:
- waiting for locator("button[type='submit']")
-   locator resolved to <button value="" type="submit" class="btn btn-default">Add Customer</button>
- attempting click action
-   waiting for element to be visible, enabled and stable
-   element is visible, enabled and stable
-   scrolling into view if needed
-   done scrolling
-   performing click action

at org.testng.Assert.fail(Assert.java:110)
at base.BaseTest.click(BaseTest.java:128)
at testcases.AddCutomerTest.addCust(AddCutomerTest.java:30)
at java.base/jdk.internal.reflect.DirectMethodHandleAccessor.invoke(DirectMethodHandleAccessor.java:103)
at java.base/java.lang.reflect.Method.invoke(Method.java:580)
at org.testng.internal.invokers.MethodInvocationHelper.invokeMethod(MethodInvocationHelper.java:139)
at org.testng.internal.invokers.TestInvoker.invokeMethod(TestInvoker.java:677)
at org.testng.internal.invokers.TestInvoker.invokeTestMethod(TestInvoker.java:221)
at org.testng.internal.invokers.MethodRunner.runInSequence(MethodRunner.java:50)
at org.testng.internal.invokers.TestInvoker$MethodInvocationAgent.invoke(TestInvoker.java:969)
at org.testng.internal.invokers.TestInvoker.invokeTestMethods(TestInvoker.java:194)
at org.testng.internal.invokers.TestMethodWorker.invokeTestMethods(TestMethodWorker.java:148)
at org.testng.internal.invokers.TestMethodWorker.run(TestMethodWorker.java:128)
at java.base/java.util.ArrayList.forEach(ArrayList.java:1596)
at org.testng.TestRunner.privateRun(TestRunner.java:829)
at org.testng.TestRunner.run(TestRunner.java:602)
at org.testng.SuiteRunner.runTest(SuiteRunner.java:437)
at org.testng.SuiteRunner.runSequentially(SuiteRunner.java:431)
at org.testng.SuiteRunner.privateRun(SuiteRunner.java:391)
at org.testng.SuiteRunner.run(SuiteRunner.java:330)
at org.testng.SuiteRunnerWorker.runSuite(SuiteRunnerWorker.java:52)
at org.testng.SuiteRunnerWorker.run(SuiteRunnerWorker.java:95)
at org.testng.TestNG.runSuitesSequentially(TestNG.java:1256)
at org.testng.TestNG.runSuitesLocally(TestNG.java:1176)
at org.testng.TestNG.runSuites(TestNG.java:1099)
at org.testng.TestNG.run(TestNG.java:1067)
at org.apache.maven.surefire.testng.TestNGExecutor.run(TestNGExecutor.java:295)
at org.apache.maven.surefire.testng.TestNGXmlTestSuite.execute(TestNGXmlTestSuite.java:84)
at org.apache.maven.surefire.testng.TestNGProvider.invoke(TestNGProvider.java:90)
at org.apache.maven.surefire.booter.ForkedBooter.invokeProviderInSameClassLoader(ForkedBooter.java:203)
at org.apache.maven.surefire.booter.ForkedBooter.runSuitesInProcess(ForkedBooter.java:155)
at org.apache.maven.surefire.booter.ForkedBooter.main(ForkedBooter.java:103)
]]>
    </failure>
  </testcase> <!-- addCust -->
  <system-out/>
  <testcase classname="testcases.AddCutomerTest" name="addCust" time="11.513"/>
  <system-out/>
  <testcase classname="testcases.AddCutomerTest" name="addCust" time="19.660"/>
  <system-out/>
</testsuite> <!-- testcases.AddCutomerTest -->
